[2015-09-27 14:23:30] START
[2015-09-27 14:32:30] EDIT blog5/models/db.py: 21
[2015-09-27 14:36:11] EDIT blog5/models/db.py: 0
[2015-09-27 14:37:21] EDIT blog5/models/db.py: 1
[2015-09-27 14:37:52] EDIT blog5/models/db.py: 1
[2015-09-27 14:38:53] EDIT blog5/models/db.py: 1
[2015-09-27 14:39:28] EDIT blog5/models/db.py: -1
[2015-09-27 14:39:43] EDIT blog5/models/db.py: -1
[2015-09-27 14:41:40] EDIT blog5/models/db.py: -2
[2015-09-27 14:43:48] EDIT blog5/models/db.py: 0
[2015-09-27 14:44:00] EDIT blog5/models/db.py: 0
[2015-09-27 14:46:45] EDIT blog5/models/db.py: 0
[2015-09-27 14:47:17] EDIT blog5/models/db.py: 0
[2015-09-27 14:51:34] EDIT blog5/models/db.py: 0
[2015-09-27 14:54:52] EDIT blog5/models/db.py: 0
[2015-09-27 14:55:24] EDIT blog5/models/db.py: -1
[2015-09-27 14:55:48] EDIT blog5/models/db.py: 0
[2015-09-27 14:56:13] EDIT blog5/models/db.py: 0
[2015-09-27 14:57:06] EDIT blog5/models/db.py: 0
[2015-09-27 14:58:02] EDIT blog5/controllers/default.py: 12
[2015-09-27 15:06:33] EDIT blog5/models/db.py: 0
[2015-09-27 15:10:41] EDIT blog5/views/default/index.html: -37
[2015-09-27 15:11:01] EDIT blog5/views/default/index.html: 14
[2015-09-27 15:14:42] EDIT blog5/controllers/default.py: 0
[2015-09-27 15:15:42] EDIT blog5/views/default/index.html: 0
[2015-09-27 15:16:36] EDIT blog5/views/default/index.html: 0
[2015-09-27 15:17:31] EDIT blog5/views/default/index.html: 0
[2015-09-27 15:19:22] EDIT blog5/models/menu.py: 0
[2015-09-27 15:19:36] EDIT blog5/models/menu.py: 0
[2015-09-27 15:19:56] EDIT blog5/models/menu.py: 0
[2015-09-27 15:21:52] EDIT blog5/views/default/index.html: 1
[2015-09-27 15:23:14] EDIT blog5/controllers/default.py: 0
[2015-09-27 15:23:42] EDIT blog5/views/default/index.html: 0
[2015-09-27 15:24:28] EDIT blog5/controllers/default.py: 1
[2015-09-27 15:25:01] EDIT blog5/controllers/default.py: 0
[2015-09-27 15:25:11] EDIT blog5/controllers/default.py: 0
[2015-09-27 15:25:20] EDIT blog5/controllers/default.py: 0
[2015-09-27 15:25:58] EDIT blog5/views/default/index.html: 0
[2015-09-27 15:26:24] EDIT blog5/views/default/index.html: 0
[2015-09-27 15:27:18] EDIT blog5/views/default/index.html: -1
[2015-09-27 15:27:42] EDIT blog5/views/default/index.html: 0
[2015-09-27 15:28:03] EDIT blog5/views/default/index.html: -1
[2015-09-27 15:28:13] EDIT blog5/views/default/index.html: 1
[2015-09-27 15:29:04] EDIT blog5/views/default/index.html: 0
[2015-09-27 15:30:09] CREATE default/search.html: 0
[2015-09-27 15:30:25] EDIT blog5/views/default/search.html: 1
[2015-09-27 15:32:24] EDIT blog5/controllers/default.py: 2
[2015-09-27 15:33:49] CREATE default/show.html: 0
[2015-09-27 15:34:01] EDIT blog5/views/default/show.html: 8
[2015-09-27 15:34:44] EDIT blog5/views/default/show.html: 0
[2015-09-27 15:37:11] EDIT blog5/views/default/show.html: 11
[2015-09-27 15:37:24] EDIT blog5/views/default/show.html: -11
[2015-09-27 15:37:30] EDIT blog5/views/default/show.html: 0
[2015-09-27 15:38:48] EDIT blog5/controllers/default.py: 0
[2015-09-27 15:39:12] EDIT blog5/controllers/default.py: 0
[2015-09-27 15:40:31] EDIT blog5/controllers/default.py: 0
[2015-09-27 15:43:10] EDIT blog5/controllers/default.py: 0
[2015-09-27 15:44:47] EDIT blog5/controllers/default.py: 0
[2015-09-27 15:45:06] EDIT blog5/views/default/show.html: 0
[2015-09-27 15:45:36] EDIT blog5/views/default/show.html: 0
[2015-09-27 15:46:31] EDIT blog5/views/default/show.html: 0
[2015-09-27 15:47:20] EDIT blog5/controllers/default.py: 0
[2015-09-27 15:47:39] EDIT blog5/controllers/default.py: 0
[2015-09-27 15:48:15] EDIT blog5/views/default/show.html: 0
[2015-09-27 15:48:48] EDIT blog5/views/default/show.html: 0
[2015-09-27 15:51:35] EDIT blog5/views/default/show.html: 0
[2015-09-27 15:51:51] EDIT blog5/views/default/show.html: 0
[2015-09-27 15:53:17] EDIT blog5/views/default/show.html: -1
[2015-09-27 15:54:11] EDIT blog5/views/default/show.html: -1
[2015-09-27 15:54:26] EDIT blog5/views/default/show.html: 0
[2015-09-27 15:55:58] CREATE default/create.html: 0
[2015-09-27 15:56:19] EDIT blog5/views/default/create.html: 0
[2015-09-27 15:59:55] EDIT blog5/controllers/default.py: 1
[2015-09-27 16:00:05] EDIT blog5/controllers/default.py: 0
[2015-09-27 16:00:35] EDIT blog5/controllers/default.py: -5
[2015-09-27 22:22:29] DELETE blog5/views/default/index.html.1: -27
[2015-09-27 22:23:39] EDIT blog5/views/default/index.html: 0
[2015-09-27 22:26:00] EDIT blog5/controllers/default.py: 0
[2015-09-27 22:30:11] EDIT blog5/controllers/default.py: 0
[2015-09-27 22:31:15] EDIT blog5/views/default/index.html: 0
[2015-09-27 22:33:03] EDIT blog5/models/db.py: 0
[2015-09-27 22:33:47] EDIT blog5/models/db.py: 0
[2015-09-27 22:40:46] EDIT blog5/models/db.py: 0
[2015-09-28 09:05:21] EDIT blog5/views/default/index.html: 0
[2015-09-28 09:08:58] EDIT blog5/controllers/default.py: 4
